<?xml version="1.0" encoding="UTF-8"?>
<coverage generated="1647690719">
  <project timestamp="1647690719">
    <file name="/home/runner/work/headless/headless/Classes/ContentObject/BooleanContentObject.php">
      <class name="FriendsOfTYPO3\Headless\ContentObject\BooleanContentObject" namespace="global">
        <metrics complexity="5" methods="1" coveredmethods="1" conditionals="0" coveredconditionals="0" statements="12" coveredstatements="12" elements="13" coveredelements="13"/>
      </class>
      <line num="28" type="method" name="render" visibility="public" complexity="5" crap="5" count="10"/>
      <line num="30" type="stmt" count="10"/>
      <line num="31" type="stmt" count="1"/>
      <line num="33" type="stmt" count="9"/>
      <line num="34" type="stmt" count="9"/>
      <line num="35" type="stmt" count="6"/>
      <line num="36" type="stmt" count="6"/>
      <line num="38" type="stmt" count="9"/>
      <line num="39" type="stmt" count="1"/>
      <line num="40" type="stmt" count="1"/>
      <line num="42" type="stmt" count="9"/>
      <line num="43" type="stmt" count="1"/>
      <line num="45" type="stmt" count="9"/>
      <metrics loc="48" ncloc="32" classes="1" methods="1" coveredmethods="1" conditionals="0" coveredconditionals="0" statements="12" coveredstatements="12" elements="13" coveredelements="13"/>
    </file>
    <file name="/home/runner/work/headless/headless/Classes/ContentObject/FloatContentObject.php">
      <class name="FriendsOfTYPO3\Headless\ContentObject\FloatContentObject" namespace="global">
        <metrics complexity="5" methods="1" coveredmethods="1" conditionals="0" coveredconditionals="0" statements="12" coveredstatements="12" elements="13" coveredelements="13"/>
      </class>
      <line num="26" type="method" name="render" visibility="public" complexity="5" crap="5" count="11"/>
      <line num="28" type="stmt" count="11"/>
      <line num="29" type="stmt" count="1"/>
      <line num="31" type="stmt" count="10"/>
      <line num="32" type="stmt" count="10"/>
      <line num="33" type="stmt" count="7"/>
      <line num="34" type="stmt" count="7"/>
      <line num="36" type="stmt" count="10"/>
      <line num="37" type="stmt" count="1"/>
      <line num="38" type="stmt" count="1"/>
      <line num="40" type="stmt" count="10"/>
      <line num="41" type="stmt" count="1"/>
      <line num="43" type="stmt" count="10"/>
      <metrics loc="46" ncloc="32" classes="1" methods="1" coveredmethods="1" conditionals="0" coveredconditionals="0" statements="12" coveredstatements="12" elements="13" coveredelements="13"/>
    </file>
    <file name="/home/runner/work/headless/headless/Classes/ContentObject/IntegerContentObject.php">
      <class name="FriendsOfTYPO3\Headless\ContentObject\IntegerContentObject" namespace="global">
        <metrics complexity="5" methods="1" coveredmethods="1" conditionals="0" coveredconditionals="0" statements="12" coveredstatements="12" elements="13" coveredelements="13"/>
      </class>
      <line num="28" type="method" name="render" visibility="public" complexity="5" crap="5" count="11"/>
      <line num="30" type="stmt" count="11"/>
      <line num="31" type="stmt" count="1"/>
      <line num="33" type="stmt" count="10"/>
      <line num="34" type="stmt" count="10"/>
      <line num="35" type="stmt" count="6"/>
      <line num="36" type="stmt" count="6"/>
      <line num="38" type="stmt" count="10"/>
      <line num="39" type="stmt" count="1"/>
      <line num="40" type="stmt" count="1"/>
      <line num="42" type="stmt" count="10"/>
      <line num="43" type="stmt" count="2"/>
      <line num="45" type="stmt" count="10"/>
      <metrics loc="48" ncloc="32" classes="1" methods="1" coveredmethods="1" conditionals="0" coveredconditionals="0" statements="12" coveredstatements="12" elements="13" coveredelements="13"/>
    </file>
    <file name="/home/runner/work/headless/headless/Classes/ContentObject/JsonContentContentObject.php">
      <class name="FriendsOfTYPO3\Headless\ContentObject\JsonContentContentObject" namespace="global">
        <metrics complexity="39" methods="4" coveredmethods="0" conditionals="0" coveredconditionals="0" statements="91" coveredstatements="0" elements="95" coveredelements="0"/>
      </class>
      <line num="75" type="method" name="__construct" visibility="public" complexity="1" crap="2" count="0"/>
      <line num="77" type="stmt" count="0"/>
      <line num="78" type="stmt" count="0"/>
      <line num="84" type="method" name="render" visibility="public" complexity="8" crap="72" count="0"/>
      <line num="86" type="stmt" count="0"/>
      <line num="87" type="stmt" count="0"/>
      <line num="90" type="stmt" count="0"/>
      <line num="93" type="stmt" count="0"/>
      <line num="94" type="stmt" count="0"/>
      <line num="97" type="stmt" count="0"/>
      <line num="99" type="stmt" count="0"/>
      <line num="100" type="stmt" count="0"/>
      <line num="101" type="stmt" count="0"/>
      <line num="103" type="stmt" count="0"/>
      <line num="104" type="stmt" count="0"/>
      <line num="107" type="stmt" count="0"/>
      <line num="108" type="stmt" count="0"/>
      <line num="109" type="stmt" count="0"/>
      <line num="118" type="method" name="groupContentElementsByColPos" visibility="protected" complexity="7" crap="56" count="0"/>
      <line num="120" type="stmt" count="0"/>
      <line num="122" type="stmt" count="0"/>
      <line num="123" type="stmt" count="0"/>
      <line num="124" type="stmt" count="0"/>
      <line num="125" type="stmt" count="0"/>
      <line num="128" type="stmt" count="0"/>
      <line num="130" type="stmt" count="0"/>
      <line num="131" type="stmt" count="0"/>
      <line num="133" type="stmt" count="0"/>
      <line num="137" type="stmt" count="0"/>
      <line num="144" type="method" name="prepareValue" visibility="private" complexity="23" crap="552" count="0"/>
      <line num="146" type="stmt" count="0"/>
      <line num="147" type="stmt" count="0"/>
      <line num="148" type="stmt" count="0"/>
      <line num="151" type="stmt" count="0"/>
      <line num="152" type="stmt" count="0"/>
      <line num="153" type="stmt" count="0"/>
      <line num="155" type="stmt" count="0"/>
      <line num="158" type="stmt" count="0"/>
      <line num="159" type="stmt" count="0"/>
      <line num="160" type="stmt" count="0"/>
      <line num="161" type="stmt" count="0"/>
      <line num="162" type="stmt" count="0"/>
      <line num="163" type="stmt" count="0"/>
      <line num="164" type="stmt" count="0"/>
      <line num="165" type="stmt" count="0"/>
      <line num="167" type="stmt" count="0"/>
      <line num="168" type="stmt" count="0"/>
      <line num="169" type="stmt" count="0"/>
      <line num="171" type="stmt" count="0"/>
      <line num="172" type="stmt" count="0"/>
      <line num="173" type="stmt" count="0"/>
      <line num="174" type="stmt" count="0"/>
      <line num="176" type="stmt" count="0"/>
      <line num="177" type="stmt" count="0"/>
      <line num="180" type="stmt" count="0"/>
      <line num="181" type="stmt" count="0"/>
      <line num="182" type="stmt" count="0"/>
      <line num="184" type="stmt" count="0"/>
      <line num="185" type="stmt" count="0"/>
      <line num="188" type="stmt" count="0"/>
      <line num="189" type="stmt" count="0"/>
      <line num="190" type="stmt" count="0"/>
      <line num="192" type="stmt" count="0"/>
      <line num="194" type="stmt" count="0"/>
      <line num="195" type="stmt" count="0"/>
      <line num="196" type="stmt" count="0"/>
      <line num="198" type="stmt" count="0"/>
      <line num="199" type="stmt" count="0"/>
      <line num="200" type="stmt" count="0"/>
      <line num="201" type="stmt" count="0"/>
      <line num="202" type="stmt" count="0"/>
      <line num="203" type="stmt" count="0"/>
      <line num="204" type="stmt" count="0"/>
      <line num="205" type="stmt" count="0"/>
      <line num="206" type="stmt" count="0"/>
      <line num="210" type="stmt" count="0"/>
      <line num="211" type="stmt" count="0"/>
      <line num="213" type="stmt" count="0"/>
      <line num="215" type="stmt" count="0"/>
      <line num="216" type="stmt" count="0"/>
      <line num="218" type="stmt" count="0"/>
      <line num="219" type="stmt" count="0"/>
      <line num="220" type="stmt" count="0"/>
      <line num="222" type="stmt" count="0"/>
      <line num="223" type="stmt" count="0"/>
      <line num="224" type="stmt" count="0"/>
      <line num="226" type="stmt" count="0"/>
      <line num="227" type="stmt" count="0"/>
      <line num="229" type="stmt" count="0"/>
      <line num="231" type="stmt" count="0"/>
      <line num="233" type="stmt" count="0"/>
      <line num="235" type="stmt" count="0"/>
      <line num="236" type="stmt" count="0"/>
      <line num="237" type="stmt" count="0"/>
      <line num="240" type="stmt" count="0"/>
      <metrics loc="243" ncloc="178" classes="1" methods="4" coveredmethods="0" conditionals="0" coveredconditionals="0" statements="91" coveredstatements="0" elements="95" coveredelements="0"/>
    </file>
    <file name="/home/runner/work/headless/headless/Classes/ContentObject/JsonContentObject.php">
      <class name="FriendsOfTYPO3\Headless\ContentObject\JsonContentObject" namespace="global">
        <metrics complexity="40" methods="6" coveredmethods="6" conditionals="0" coveredconditionals="0" statements="72" coveredstatements="72" elements="78" coveredelements="78"/>
      </class>
      <line num="42" type="method" name="__construct" visibility="public" complexity="1" crap="1" count="21"/>
      <line num="44" type="stmt" count="21"/>
      <line num="45" type="stmt" count="21"/>
      <line num="46" type="stmt" count="21"/>
      <line num="47" type="stmt" count="21"/>
      <line num="48" type="stmt" count="21"/>
      <line num="56" type="method" name="render" visibility="public" complexity="5" crap="5" count="21"/>
      <line num="58" type="stmt" count="21"/>
      <line num="60" type="stmt" count="21"/>
      <line num="61" type="stmt" count="1"/>
      <line num="64" type="stmt" count="21"/>
      <line num="66" type="stmt" count="21"/>
      <line num="67" type="stmt" count="16"/>
      <line num="69" type="stmt" count="21"/>
      <line num="70" type="stmt" count="1"/>
      <line num="73" type="stmt" count="21"/>
      <line num="75" type="stmt" count="21"/>
      <line num="76" type="stmt" count="1"/>
      <line num="79" type="stmt" count="21"/>
      <line num="91" type="method" name="cObjGet" visibility="public" complexity="19" crap="19" count="16"/>
      <line num="93" type="stmt" count="16"/>
      <line num="95" type="stmt" count="16"/>
      <line num="96" type="stmt" count="16"/>
      <line num="97" type="stmt" count="16"/>
      <line num="98" type="stmt" count="16"/>
      <line num="99" type="stmt" count="15"/>
      <line num="100" type="stmt" count="15"/>
      <line num="101" type="stmt" count="15"/>
      <line num="102" type="stmt" count="15"/>
      <line num="103" type="stmt" count="4"/>
      <line num="105" type="stmt" count="15"/>
      <line num="106" type="stmt" count="1"/>
      <line num="108" type="stmt" count="15"/>
      <line num="109" type="stmt" count="4"/>
      <line num="111" type="stmt" count="15"/>
      <line num="112" type="stmt" count="1"/>
      <line num="114" type="stmt" count="15"/>
      <line num="115" type="stmt" count="4"/>
      <line num="118" type="stmt" count="16"/>
      <line num="119" type="stmt" count="3"/>
      <line num="120" type="stmt" count="3"/>
      <line num="122" type="stmt" count="3"/>
      <line num="123" type="stmt" count="2"/>
      <line num="125" type="stmt" count="3"/>
      <line num="126" type="stmt" count="1"/>
      <line num="130" type="stmt" count="16"/>
      <line num="140" type="method" name="filterByStringKeys" visibility="protected" complexity="4" crap="4" count="16"/>
      <line num="142" type="stmt" count="16"/>
      <line num="143" type="stmt" count="16"/>
      <line num="144" type="stmt" count="16"/>
      <line num="145" type="stmt" count="16"/>
      <line num="146" type="stmt" count="16"/>
      <line num="149" type="stmt" count="16"/>
      <line num="156" type="method" name="processFieldWithDataProcessing" visibility="protected" complexity="6" crap="6" count="6"/>
      <line num="158" type="stmt" count="6"/>
      <line num="159" type="stmt" count="6"/>
      <line num="162" type="stmt" count="6"/>
      <line num="163" type="stmt" count="6"/>
      <line num="167" type="stmt" count="6"/>
      <line num="168" type="stmt" count="6"/>
      <line num="170" type="stmt" count="6"/>
      <line num="171" type="stmt" count="6"/>
      <line num="172" type="stmt" count="6"/>
      <line num="175" type="stmt" count="6"/>
      <line num="176" type="stmt" count="6"/>
      <line num="177" type="stmt" count="6"/>
      <line num="180" type="stmt" count="6"/>
      <line num="186" type="method" name="recursiveFind" visibility="protected" complexity="5" crap="5" count="6"/>
      <line num="188" type="stmt" count="6"/>
      <line num="189" type="stmt" count="6"/>
      <line num="193" type="stmt" count="6"/>
      <line num="194" type="stmt" count="6"/>
      <line num="195" type="stmt" count="6"/>
      <line num="196" type="stmt" count="6"/>
      <line num="197" type="stmt" count="6"/>
      <line num="198" type="stmt" count="2"/>
      <line num="201" type="stmt" count="6"/>
      <line num="202" type="stmt" count="6"/>
      <metrics loc="207" ncloc="173" classes="1" methods="6" coveredmethods="6" conditionals="0" coveredconditionals="0" statements="72" coveredstatements="72" elements="78" coveredelements="78"/>
    </file>
    <file name="/home/runner/work/headless/headless/Classes/Controller/JsonViewController.php">
      <class name="FriendsOfTYPO3\Headless\Controller\JsonViewController" namespace="global">
        <metrics complexity="25" methods="0" coveredmethods="0" conditionals="0" coveredconditionals="0" statements="0" coveredstatements="0" elements="0" coveredelements="0"/>
      </class>
      <metrics loc="203" ncloc="189" classes="0" methods="0" coveredmethods="0" conditionals="0" coveredconditionals="0" statements="0" coveredstatements="0" elements="0" coveredelements="0"/>
    </file>
    <file name="/home/runner/work/headless/headless/Classes/DataProcessing/DataProcessingTrait.php">
      <class name="FriendsOfTYPO3\Headless\DataProcessing\DataProcessingTrait" namespace="global">
        <metrics complexity="15" methods="3" coveredmethods="3" conditionals="0" coveredconditionals="0" statements="16" coveredstatements="16" elements="19" coveredelements="19"/>
      </class>
      <line num="21" type="method" name="removeDataIfnotAppendInConfiguration" visibility="protected" complexity="10" crap="10" count="5"/>
      <line num="23" type="stmt" count="5"/>
      <line num="24" type="stmt" count="5"/>
      <line num="25" type="stmt" count="4"/>
      <line num="26" type="stmt" count="4"/>
      <line num="27" type="stmt" count="4"/>
      <line num="28" type="stmt" count="4"/>
      <line num="29" type="stmt" count="3"/>
      <line num="30" type="stmt" count="2"/>
      <line num="33" type="stmt" count="3"/>
      <line num="34" type="stmt" count="1"/>
      <line num="40" type="stmt" count="5"/>
      <line num="43" type="method" name="isMenuProcessor" visibility="protected" complexity="1" crap="1" count="2"/>
      <line num="45" type="stmt" count="2"/>
      <line num="54" type="method" name="removeDataInChildrenNodes" visibility="private" complexity="4" crap="4" count="1"/>
      <line num="56" type="stmt" count="1"/>
      <line num="57" type="stmt" count="1"/>
      <line num="58" type="stmt" count="1"/>
      <line num="59" type="stmt" count="1"/>
      <metrics loc="64" ncloc="47" classes="1" methods="3" coveredmethods="3" conditionals="0" coveredconditionals="0" statements="16" coveredstatements="16" elements="19" coveredelements="19"/>
    </file>
    <file name="/home/runner/work/headless/headless/Classes/DataProcessing/DatabaseQueryProcessor.php">
      <class name="FriendsOfTYPO3\Headless\DataProcessing\DatabaseQueryProcessor" namespace="global">
        <metrics complexity="13" methods="0" coveredmethods="0" conditionals="0" coveredconditionals="0" statements="0" coveredstatements="0" elements="0" coveredelements="0"/>
      </class>
      <metrics loc="155" ncloc="90" classes="0" methods="0" coveredmethods="0" conditionals="0" coveredconditionals="0" statements="0" coveredstatements="0" elements="0" coveredelements="0"/>
    </file>
    <file name="/home/runner/work/headless/headless/Classes/DataProcessing/FilesProcessor.php">
      <class name="FriendsOfTYPO3\Headless\DataProcessing\FilesProcessor" namespace="global">
        <metrics complexity="31" methods="0" coveredmethods="0" conditionals="0" coveredconditionals="0" statements="0" coveredstatements="0" elements="0" coveredelements="0"/>
      </class>
      <metrics loc="254" ncloc="203" classes="0" methods="0" coveredmethods="0" conditionals="0" coveredconditionals="0" statements="0" coveredstatements="0" elements="0" coveredelements="0"/>
    </file>
    <file name="/home/runner/work/headless/headless/Classes/DataProcessing/FlexFormProcessor.php">
      <class name="FriendsOfTYPO3\Headless\DataProcessing\FlexFormProcessor" namespace="global">
        <metrics complexity="9" methods="0" coveredmethods="0" conditionals="0" coveredconditionals="0" statements="0" coveredstatements="0" elements="0" coveredelements="0"/>
      </class>
      <metrics loc="98" ncloc="59" classes="0" methods="0" coveredmethods="0" conditionals="0" coveredconditionals="0" statements="0" coveredstatements="0" elements="0" coveredelements="0"/>
    </file>
    <file name="/home/runner/work/headless/headless/Classes/DataProcessing/GalleryProcessor.php">
      <class name="FriendsOfTYPO3\Headless\DataProcessing\GalleryProcessor" namespace="global">
        <metrics complexity="29" methods="0" coveredmethods="0" conditionals="0" coveredconditionals="0" statements="0" coveredstatements="0" elements="0" coveredelements="0"/>
      </class>
      <metrics loc="266" ncloc="209" classes="0" methods="0" coveredmethods="0" conditionals="0" coveredconditionals="0" statements="0" coveredstatements="0" elements="0" coveredelements="0"/>
    </file>
    <file name="/home/runner/work/headless/headless/Classes/DataProcessing/MenuProcessor.php">
      <class name="FriendsOfTYPO3\Headless\DataProcessing\MenuProcessor" namespace="global">
        <metrics complexity="4" methods="0" coveredmethods="0" conditionals="0" coveredconditionals="0" statements="0" coveredstatements="0" elements="0" coveredelements="0"/>
      </class>
      <metrics loc="189" ncloc="110" classes="0" methods="0" coveredmethods="0" conditionals="0" coveredconditionals="0" statements="0" coveredstatements="0" elements="0" coveredelements="0"/>
    </file>
    <file name="/home/runner/work/headless/headless/Classes/DataProcessing/RootSiteProcessing/DomainSchema.php">
      <class name="FriendsOfTYPO3\Headless\DataProcessing\RootSiteProcessing\DomainSchema" namespace="global">
        <metrics complexity="7" methods="2" coveredmethods="2" conditionals="0" coveredconditionals="0" statements="22" coveredstatements="22" elements="24" coveredelements="24"/>
      </class>
      <line num="47" type="method" name="process" visibility="public" complexity="5" crap="5" count="1"/>
      <line num="49" type="stmt" count="1"/>
      <line num="50" type="stmt" count="1"/>
      <line num="51" type="stmt" count="1"/>
      <line num="53" type="stmt" count="1"/>
      <line num="54" type="stmt" count="1"/>
      <line num="55" type="stmt" count="1"/>
      <line num="56" type="stmt" count="1"/>
      <line num="58" type="stmt" count="1"/>
      <line num="60" type="stmt" count="1"/>
      <line num="61" type="stmt" count="1"/>
      <line num="64" type="stmt" count="1"/>
      <line num="65" type="stmt" count="1"/>
      <line num="68" type="stmt" count="1"/>
      <line num="71" type="stmt" count="1"/>
      <line num="72" type="stmt" count="1"/>
      <line num="77" type="stmt" count="1"/>
      <line num="78" type="stmt" count="1"/>
      <line num="79" type="stmt" count="1"/>
      <line num="86" type="stmt" count="1"/>
      <line num="89" type="stmt" count="1"/>
      <line num="100" type="method" name="processAdditionalDataProcessors" visibility="protected" complexity="1" crap="1" count="1"/>
      <line num="105" type="stmt" count="1"/>
      <line num="106" type="stmt" count="1"/>
      <metrics loc="109" ncloc="84" classes="1" methods="2" coveredmethods="2" conditionals="0" coveredconditionals="0" statements="22" coveredstatements="22" elements="24" coveredelements="24"/>
    </file>
    <file name="/home/runner/work/headless/headless/Classes/DataProcessing/RootSiteProcessing/SiteProvider.php">
      <class name="FriendsOfTYPO3\Headless\DataProcessing\RootSiteProcessing\SiteProvider" namespace="global">
        <metrics complexity="22" methods="8" coveredmethods="0" conditionals="0" coveredconditionals="0" statements="71" coveredstatements="0" elements="79" coveredelements="0"/>
      </class>
      <line num="51" type="method" name="__construct" visibility="public" complexity="1" crap="2" count="0"/>
      <line num="53" type="stmt" count="0"/>
      <line num="54" type="stmt" count="0"/>
      <line num="61" type="method" name="prepare" visibility="public" complexity="7" crap="56" count="0"/>
      <line num="63" type="stmt" count="0"/>
      <line num="64" type="stmt" count="0"/>
      <line num="65" type="stmt" count="0"/>
      <line num="67" type="stmt" count="0"/>
      <line num="68" type="stmt" count="0"/>
      <line num="71" type="stmt" count="0"/>
      <line num="72" type="stmt" count="0"/>
      <line num="74" type="stmt" count="0"/>
      <line num="77" type="stmt" count="0"/>
      <line num="79" type="stmt" count="0"/>
      <line num="80" type="stmt" count="0"/>
      <line num="83" type="stmt" count="0"/>
      <line num="84" type="stmt" count="0"/>
      <line num="86" type="stmt" count="0"/>
      <line num="87" type="stmt" count="0"/>
      <line num="88" type="stmt" count="0"/>
      <line num="93" type="stmt" count="0"/>
      <line num="94" type="stmt" count="0"/>
      <line num="96" type="stmt" count="0"/>
      <line num="98" type="stmt" count="0"/>
      <line num="102" type="stmt" count="0"/>
      <line num="103" type="stmt" count="0"/>
      <line num="104" type="stmt" count="0"/>
      <line num="106" type="stmt" count="0"/>
      <line num="112" type="method" name="getSites" visibility="public" complexity="1" crap="2" count="0"/>
      <line num="114" type="stmt" count="0"/>
      <line num="120" type="method" name="getPages" visibility="public" complexity="1" crap="2" count="0"/>
      <line num="122" type="stmt" count="0"/>
      <line num="128" type="method" name="getCurrentRootPage" visibility="public" complexity="1" crap="2" count="0"/>
      <line num="130" type="stmt" count="0"/>
      <line num="137" type="method" name="filterSites" visibility="private" complexity="5" crap="30" count="0"/>
      <line num="139" type="stmt" count="0"/>
      <line num="141" type="stmt" count="0"/>
      <line num="142" type="stmt" count="0"/>
      <line num="143" type="stmt" count="0"/>
      <line num="147" type="stmt" count="0"/>
      <line num="149" type="stmt" count="0"/>
      <line num="150" type="stmt" count="0"/>
      <line num="151" type="stmt" count="0"/>
      <line num="152" type="stmt" count="0"/>
      <line num="156" type="stmt" count="0"/>
      <line num="164" type="method" name="fetchAvailableRootSitesByPid" visibility="private" complexity="2" crap="6" count="0"/>
      <line num="166" type="stmt" count="0"/>
      <line num="168" type="stmt" count="0"/>
      <line num="169" type="stmt" count="0"/>
      <line num="170" type="stmt" count="0"/>
      <line num="171" type="stmt" count="0"/>
      <line num="172" type="stmt" count="0"/>
      <line num="173" type="stmt" count="0"/>
      <line num="174" type="stmt" count="0"/>
      <line num="175" type="stmt" count="0"/>
      <line num="177" type="stmt" count="0"/>
      <line num="179" type="stmt" count="0"/>
      <line num="180" type="stmt" count="0"/>
      <line num="183" type="stmt" count="0"/>
      <line num="184" type="stmt" count="0"/>
      <line num="196" type="method" name="fetchPageData" visibility="private" complexity="4" crap="20" count="0"/>
      <line num="198" type="stmt" count="0"/>
      <line num="199" type="stmt" count="0"/>
      <line num="202" type="stmt" count="0"/>
      <line num="204" type="stmt" count="0"/>
      <line num="205" type="stmt" count="0"/>
      <line num="208" type="stmt" count="0"/>
      <line num="210" type="stmt" count="0"/>
      <line num="211" type="stmt" count="0"/>
      <line num="212" type="stmt" count="0"/>
      <line num="213" type="stmt" count="0"/>
      <line num="214" type="stmt" count="0"/>
      <line num="215" type="stmt" count="0"/>
      <line num="217" type="stmt" count="0"/>
      <line num="218" type="stmt" count="0"/>
      <line num="221" type="stmt" count="0"/>
      <line num="223" type="stmt" count="0"/>
      <line num="224" type="stmt" count="0"/>
      <line num="227" type="stmt" count="0"/>
      <metrics loc="230" ncloc="175" classes="1" methods="8" coveredmethods="0" conditionals="0" coveredconditionals="0" statements="71" coveredstatements="0" elements="79" coveredelements="0"/>
    </file>
    <file name="/home/runner/work/headless/headless/Classes/DataProcessing/RootSiteProcessing/SiteProviderInterface.php">
      <metrics loc="39" ncloc="20" classes="0" methods="0" coveredmethods="0" conditionals="0" coveredconditionals="0" statements="0" coveredstatements="0" elements="0" coveredelements="0"/>
    </file>
    <file name="/home/runner/work/headless/headless/Classes/DataProcessing/RootSiteProcessing/SiteSchema.php">
      <class name="FriendsOfTYPO3\Headless\DataProcessing\RootSiteProcessing\SiteSchema" namespace="global">
        <metrics complexity="9" methods="3" coveredmethods="0" conditionals="0" coveredconditionals="0" statements="31" coveredstatements="0" elements="34" coveredelements="0"/>
      </class>
      <line num="28" type="method" name="__construct" visibility="public" complexity="1" crap="2" count="0"/>
      <line num="32" type="stmt" count="0"/>
      <line num="33" type="stmt" count="0"/>
      <line num="34" type="stmt" count="0"/>
      <line num="41" type="method" name="process" visibility="public" complexity="7" crap="56" count="0"/>
      <line num="43" type="stmt" count="0"/>
      <line num="44" type="stmt" count="0"/>
      <line num="45" type="stmt" count="0"/>
      <line num="47" type="stmt" count="0"/>
      <line num="48" type="stmt" count="0"/>
      <line num="51" type="stmt" count="0"/>
      <line num="52" type="stmt" count="0"/>
      <line num="53" type="stmt" count="0"/>
      <line num="55" type="stmt" count="0"/>
      <line num="56" type="stmt" count="0"/>
      <line num="57" type="stmt" count="0"/>
      <line num="58" type="stmt" count="0"/>
      <line num="59" type="stmt" count="0"/>
      <line num="60" type="stmt" count="0"/>
      <line num="62" type="stmt" count="0"/>
      <line num="63" type="stmt" count="0"/>
      <line num="64" type="stmt" count="0"/>
      <line num="65" type="stmt" count="0"/>
      <line num="69" type="stmt" count="0"/>
      <line num="71" type="stmt" count="0"/>
      <line num="72" type="stmt" count="0"/>
      <line num="80" type="stmt" count="0"/>
      <line num="81" type="stmt" count="0"/>
      <line num="82" type="stmt" count="0"/>
      <line num="89" type="stmt" count="0"/>
      <line num="92" type="stmt" count="0"/>
      <line num="103" type="method" name="processAdditionalDataProcessors" visibility="protected" complexity="1" crap="2" count="0"/>
      <line num="108" type="stmt" count="0"/>
      <line num="109" type="stmt" count="0"/>
      <metrics loc="112" ncloc="93" classes="1" methods="3" coveredmethods="0" conditionals="0" coveredconditionals="0" statements="31" coveredstatements="0" elements="34" coveredelements="0"/>
    </file>
    <file name="/home/runner/work/headless/headless/Classes/DataProcessing/RootSiteProcessing/SiteSchemaInterface.php">
      <metrics loc="22" ncloc="12" classes="0" methods="0" coveredmethods="0" conditionals="0" coveredconditionals="0" statements="0" coveredstatements="0" elements="0" coveredelements="0"/>
    </file>
    <file name="/home/runner/work/headless/headless/Classes/DataProcessing/RootSiteProcessing/SiteSortingInterface.php">
      <metrics loc="23" ncloc="14" classes="0" methods="0" coveredmethods="0" conditionals="0" coveredconditionals="0" statements="0" coveredstatements="0" elements="0" coveredelements="0"/>
    </file>
    <file name="/home/runner/work/headless/headless/Classes/DataProcessing/RootSitesProcessor.php">
      <class name="FriendsOfTYPO3\Headless\DataProcessing\RootSitesProcessor" namespace="global">
        <metrics complexity="5" methods="1" coveredmethods="1" conditionals="0" coveredconditionals="0" statements="22" coveredstatements="22" elements="23" coveredelements="23"/>
      </class>
      <line num="75" type="method" name="process" visibility="public" complexity="5" crap="5" count="5"/>
      <line num="81" type="stmt" count="5"/>
      <line num="83" type="stmt" count="5"/>
      <line num="84" type="stmt" count="1"/>
      <line num="87" type="stmt" count="4"/>
      <line num="89" type="stmt" count="4"/>
      <line num="90" type="stmt" count="1"/>
      <line num="91" type="stmt" count="1"/>
      <line num="94" type="stmt" count="3"/>
      <line num="95" type="stmt" count="3"/>
      <line num="97" type="stmt" count="3"/>
      <line num="98" type="stmt" count="1"/>
      <line num="99" type="stmt" count="1"/>
      <line num="106" type="stmt" count="2"/>
      <line num="107" type="stmt" count="1"/>
      <line num="108" type="stmt" count="1"/>
      <line num="118" type="stmt" count="1"/>
      <line num="119" type="stmt" count="1"/>
      <line num="124" type="stmt" count="1"/>
      <line num="126" type="stmt" count="1"/>
      <line num="127" type="stmt" count="1"/>
      <line num="130" type="stmt" count="1"/>
      <line num="136" type="stmt" count="1"/>
      <metrics loc="139" ncloc="84" classes="1" methods="1" coveredmethods="1" conditionals="0" coveredconditionals="0" statements="22" coveredstatements="22" elements="23" coveredelements="23"/>
    </file>
    <file name="/home/runner/work/headless/headless/Classes/Dto/JsonViewDemand.php">
      <class name="FriendsOfTYPO3\Headless\Dto\JsonViewDemand" namespace="global">
        <metrics complexity="19" methods="0" coveredmethods="0" conditionals="0" coveredconditionals="0" statements="0" coveredstatements="0" elements="0" coveredelements="0"/>
      </class>
      <metrics loc="179" ncloc="128" classes="0" methods="0" coveredmethods="0" conditionals="0" coveredconditionals="0" statements="0" coveredstatements="0" elements="0" coveredelements="0"/>
    </file>
    <file name="/home/runner/work/headless/headless/Classes/Dto/JsonViewDemandInterface.php">
      <metrics loc="31" ncloc="22" classes="0" methods="0" coveredmethods="0" conditionals="0" coveredconditionals="0" statements="0" coveredstatements="0" elements="0" coveredelements="0"/>
    </file>
    <file name="/home/runner/work/headless/headless/Classes/Event/Listener/RedirectUrlAdditionalParamsListener.php">
      <class name="FriendsOfTYPO3\Headless\Event\Listener\RedirectUrlAdditionalParamsListener" namespace="global">
        <metrics complexity="20" methods="2" coveredmethods="2" conditionals="0" coveredconditionals="0" statements="29" coveredstatements="29" elements="31" coveredelements="31"/>
      </class>
      <line num="38" type="method" name="__construct" visibility="public" complexity="1" crap="1" count="2"/>
      <line num="43" type="stmt" count="2"/>
      <line num="44" type="stmt" count="2"/>
      <line num="45" type="stmt" count="2"/>
      <line num="48" type="method" name="__invoke" visibility="public" complexity="8" crap="8" count="2"/>
      <line num="50" type="stmt" count="2"/>
      <line num="51" type="stmt" count="2"/>
      <line num="53" type="stmt" count="2"/>
      <line num="54" type="stmt" count="1"/>
      <line num="57" type="stmt" count="2"/>
      <line num="58" type="stmt" count="2"/>
      <line num="60" type="stmt" count="2"/>
      <line num="61" type="stmt" count="2"/>
      <line num="63" type="stmt" count="2"/>
      <line num="64" type="stmt" count="2"/>
      <line num="65" type="stmt" count="2"/>
      <line num="67" type="stmt" count="2"/>
      <line num="68" type="stmt" count="2"/>
      <line num="69" type="stmt" count="2"/>
      <line num="71" type="stmt" count="2"/>
      <line num="73" type="stmt" count="2"/>
      <line num="74" type="stmt" count="1"/>
      <line num="75" type="stmt" count="1"/>
      <line num="78" type="stmt" count="2"/>
      <line num="79" type="stmt" count="2"/>
      <line num="80" type="stmt" count="2"/>
      <line num="81" type="stmt" count="2"/>
      <line num="84" type="stmt" count="2"/>
      <line num="85" type="stmt" count="1"/>
      <line num="86" type="stmt" count="1"/>
      <line num="88" type="stmt" count="1"/>
      <metrics loc="156" ncloc="128" classes="1" methods="2" coveredmethods="2" conditionals="0" coveredconditionals="0" statements="29" coveredstatements="29" elements="31" coveredelements="31"/>
    </file>
    <file name="/home/runner/work/headless/headless/Classes/Event/RedirectUrlEvent.php">
      <class name="FriendsOfTYPO3\Headless\Event\RedirectUrlEvent" namespace="global">
        <metrics complexity="11" methods="11" coveredmethods="11" conditionals="0" coveredconditionals="0" statements="15" coveredstatements="15" elements="26" coveredelements="26"/>
      </class>
      <line num="46" type="method" name="__construct" visibility="public" complexity="1" crap="1" count="3"/>
      <line num="53" type="stmt" count="3"/>
      <line num="54" type="stmt" count="3"/>
      <line num="55" type="stmt" count="3"/>
      <line num="56" type="stmt" count="3"/>
      <line num="57" type="stmt" count="3"/>
      <line num="63" type="method" name="getRequest" visibility="public" complexity="1" crap="1" count="3"/>
      <line num="65" type="stmt" count="3"/>
      <line num="71" type="method" name="setRequest" visibility="public" complexity="1" crap="1" count="1"/>
      <line num="73" type="stmt" count="1"/>
      <line num="79" type="method" name="getTargetUrl" visibility="public" complexity="1" crap="1" count="3"/>
      <line num="81" type="stmt" count="3"/>
      <line num="87" type="method" name="setTargetUrl" visibility="public" complexity="1" crap="1" count="3"/>
      <line num="89" type="stmt" count="3"/>
      <line num="95" type="method" name="getTargetStatusCode" visibility="public" complexity="1" crap="1" count="1"/>
      <line num="97" type="stmt" count="1"/>
      <line num="103" type="method" name="setTargetStatusCode" visibility="public" complexity="1" crap="1" count="1"/>
      <line num="105" type="stmt" count="1"/>
      <line num="111" type="method" name="getOriginalTargetUrl" visibility="public" complexity="1" crap="1" count="3"/>
      <line num="113" type="stmt" count="3"/>
      <line num="119" type="method" name="getRedirectRecord" visibility="public" complexity="1" crap="1" count="3"/>
      <line num="121" type="stmt" count="3"/>
      <line num="124" type="method" name="isPropagationStopped" visibility="public" complexity="1" crap="1" count="1"/>
      <line num="126" type="stmt" count="1"/>
      <line num="129" type="method" name="stopPropagation" visibility="public" complexity="1" crap="1" count="1"/>
      <line num="131" type="stmt" count="1"/>
      <metrics loc="134" ncloc="85" classes="1" methods="11" coveredmethods="11" conditionals="0" coveredconditionals="0" statements="15" coveredstatements="15" elements="26" coveredelements="26"/>
    </file>
    <file name="/home/runner/work/headless/headless/Classes/Form/CustomOptionsInterface.php">
      <metrics loc="21" ncloc="12" classes="0" methods="0" coveredmethods="0" conditionals="0" coveredconditionals="0" statements="0" coveredstatements="0" elements="0" coveredelements="0"/>
    </file>
    <file name="/home/runner/work/headless/headless/Classes/Form/Decorator/AbstractFormDefinitionDecorator.php">
      <class name="FriendsOfTYPO3\Headless\Form\Decorator\AbstractFormDefinitionDecorator" namespace="global">
        <metrics complexity="16" methods="6" coveredmethods="6" conditionals="0" coveredconditionals="0" statements="34" coveredstatements="34" elements="40" coveredelements="40"/>
      </class>
      <line num="24" type="method" name="__construct" visibility="public" complexity="1" crap="1" count="3"/>
      <line num="26" type="stmt" count="3"/>
      <line num="33" type="method" name="__invoke" visibility="public" complexity="1" crap="1" count="2"/>
      <line num="35" type="stmt" count="2"/>
      <line num="37" type="stmt" count="2"/>
      <line num="39" type="stmt" count="2"/>
      <line num="40" type="stmt" count="2"/>
      <line num="41" type="stmt" count="2"/>
      <line num="42" type="stmt" count="2"/>
      <line num="44" type="stmt" count="2"/>
      <line num="51" type="method" name="handleRenderables" visibility="protected" complexity="5" crap="5" count="2"/>
      <line num="53" type="stmt" count="2"/>
      <line num="54" type="stmt" count="1"/>
      <line num="55" type="stmt" count="1"/>
      <line num="56" type="stmt" count="1"/>
      <line num="57" type="stmt" count="1"/>
      <line num="58" type="stmt" count="1"/>
      <line num="60" type="stmt" count="1"/>
      <line num="64" type="stmt" count="2"/>
      <line num="71" type="method" name="prepareElement" visibility="protected" complexity="7" crap="7" count="1"/>
      <line num="73" type="stmt" count="1"/>
      <line num="75" type="stmt" count="1"/>
      <line num="77" type="stmt" count="1"/>
      <line num="78" type="stmt" count="1"/>
      <line num="79" type="stmt" count="1"/>
      <line num="82" type="stmt" count="1"/>
      <line num="83" type="stmt" count="1"/>
      <line num="86" type="stmt" count="1"/>
      <line num="87" type="stmt" count="1"/>
      <line num="90" type="stmt" count="1"/>
      <line num="91" type="stmt" count="1"/>
      <line num="92" type="stmt" count="1"/>
      <line num="94" type="stmt" count="1"/>
      <line num="95" type="stmt" count="1"/>
      <line num="96" type="stmt" count="1"/>
      <line num="101" type="stmt" count="1"/>
      <line num="108" type="method" name="overrideElement" visibility="protected" complexity="1" crap="1" count="1"/>
      <line num="110" type="stmt" count="1"/>
      <line num="119" type="method" name="overrideDefinition" visibility="protected" complexity="1" crap="1" count="2"/>
      <line num="121" type="stmt" count="2"/>
      <metrics loc="124" ncloc="93" classes="1" methods="6" coveredmethods="6" conditionals="0" coveredconditionals="0" statements="34" coveredstatements="34" elements="40" coveredelements="40"/>
    </file>
    <file name="/home/runner/work/headless/headless/Classes/Form/Decorator/DefinitionDecoratorInterface.php">
      <metrics loc="22" ncloc="12" classes="0" methods="0" coveredmethods="0" conditionals="0" coveredconditionals="0" statements="0" coveredstatements="0" elements="0" coveredelements="0"/>
    </file>
    <file name="/home/runner/work/headless/headless/Classes/Form/Decorator/FormDefinitionDecorator.php">
      <class name="FriendsOfTYPO3\Headless\Form\Decorator\FormDefinitionDecorator" namespace="global">
        <metrics complexity="0" methods="0" coveredmethods="0" conditionals="0" coveredconditionals="0" statements="0" coveredstatements="0" elements="0" coveredelements="0"/>
      </class>
      <metrics loc="17" ncloc="11" classes="0" methods="0" coveredmethods="0" conditionals="0" coveredconditionals="0" statements="0" coveredstatements="0" elements="0" coveredelements="0"/>
    </file>
    <file name="/home/runner/work/headless/headless/Classes/Form/Finisher/JsonRedirectFinisher.php">
      <class name="FriendsOfTYPO3\Headless\Form\Finisher\JsonRedirectFinisher" namespace="global">
        <metrics complexity="5" methods="2" coveredmethods="0" conditionals="0" coveredconditionals="0" statements="23" coveredstatements="0" elements="25" coveredelements="0"/>
      </class>
      <line num="49" type="method" name="executeInternal" visibility="protected" complexity="3" crap="12" count="0"/>
      <line num="51" type="stmt" count="0"/>
      <line num="52" type="stmt" count="0"/>
      <line num="53" type="stmt" count="0"/>
      <line num="54" type="stmt" count="0"/>
      <line num="59" type="stmt" count="0"/>
      <line num="61" type="stmt" count="0"/>
      <line num="62" type="stmt" count="0"/>
      <line num="63" type="stmt" count="0"/>
      <line num="64" type="stmt" count="0"/>
      <line num="67" type="stmt" count="0"/>
      <line num="72" type="stmt" count="0"/>
      <line num="73" type="stmt" count="0"/>
      <line num="74" type="stmt" count="0"/>
      <line num="75" type="stmt" count="0"/>
      <line num="77" type="stmt" count="0"/>
      <line num="79" type="stmt" count="0"/>
      <line num="82" type="method" name="prepareRedirect" visibility="protected" complexity="2" crap="6" count="0"/>
      <line num="88" type="stmt" count="0"/>
      <line num="89" type="stmt" count="0"/>
      <line num="90" type="stmt" count="0"/>
      <line num="96" type="stmt" count="0"/>
      <line num="98" type="stmt" count="0"/>
      <line num="104" type="stmt" count="0"/>
      <line num="105" type="stmt" count="0"/>
      <metrics loc="109" ncloc="85" classes="1" methods="2" coveredmethods="0" conditionals="0" coveredconditionals="0" statements="23" coveredstatements="0" elements="25" coveredelements="0"/>
    </file>
    <file name="/home/runner/work/headless/headless/Classes/Form/Service/FormTranslationService.php">
      <class name="FriendsOfTYPO3\Headless\Form\Service\FormTranslationService" namespace="global">
        <metrics complexity="34" methods="3" coveredmethods="0" conditionals="0" coveredconditionals="0" statements="107" coveredstatements="0" elements="110" coveredelements="0"/>
      </class>
      <line num="25" type="method" name="getInstance" visibility="public" complexity="1" crap="2" count="0"/>
      <line num="27" type="stmt" count="0"/>
      <line num="38" type="method" name="translateElementValue" visibility="public" complexity="27" crap="756" count="0"/>
      <line num="43" type="stmt" count="0"/>
      <line num="44" type="stmt" count="0"/>
      <line num="47" type="stmt" count="0"/>
      <line num="48" type="stmt" count="0"/>
      <line num="49" type="stmt" count="0"/>
      <line num="50" type="stmt" count="0"/>
      <line num="52" type="stmt" count="0"/>
      <line num="53" type="stmt" count="0"/>
      <line num="54" type="stmt" count="0"/>
      <line num="56" type="stmt" count="0"/>
      <line num="57" type="stmt" count="0"/>
      <line num="58" type="stmt" count="0"/>
      <line num="61" type="stmt" count="0"/>
      <line num="63" type="stmt" count="0"/>
      <line num="64" type="stmt" count="0"/>
      <line num="65" type="stmt" count="0"/>
      <line num="69" type="stmt" count="0"/>
      <line num="71" type="stmt" count="0"/>
      <line num="72" type="stmt" count="0"/>
      <line num="75" type="stmt" count="0"/>
      <line num="76" type="stmt" count="0"/>
      <line num="77" type="stmt" count="0"/>
      <line num="78" type="stmt" count="0"/>
      <line num="79" type="stmt" count="0"/>
      <line num="82" type="stmt" count="0"/>
      <line num="83" type="stmt" count="0"/>
      <line num="86" type="stmt" count="0"/>
      <line num="87" type="stmt" count="0"/>
      <line num="91" type="stmt" count="0"/>
      <line num="92" type="stmt" count="0"/>
      <line num="95" type="stmt" count="0"/>
      <line num="96" type="stmt" count="0"/>
      <line num="97" type="stmt" count="0"/>
      <line num="100" type="stmt" count="0"/>
      <line num="101" type="stmt" count="0"/>
      <line num="102" type="stmt" count="0"/>
      <line num="103" type="stmt" count="0"/>
      <line num="104" type="stmt" count="0"/>
      <line num="105" type="stmt" count="0"/>
      <line num="109" type="stmt" count="0"/>
      <line num="115" type="stmt" count="0"/>
      <line num="118" type="stmt" count="0"/>
      <line num="119" type="stmt" count="0"/>
      <line num="124" type="stmt" count="0"/>
      <line num="127" type="stmt" count="0"/>
      <line num="132" type="stmt" count="0"/>
      <line num="135" type="stmt" count="0"/>
      <line num="142" type="stmt" count="0"/>
      <line num="143" type="stmt" count="0"/>
      <line num="145" type="stmt" count="0"/>
      <line num="146" type="stmt" count="0"/>
      <line num="147" type="stmt" count="0"/>
      <line num="148" type="stmt" count="0"/>
      <line num="149" type="stmt" count="0"/>
      <line num="150" type="stmt" count="0"/>
      <line num="151" type="stmt" count="0"/>
      <line num="155" type="stmt" count="0"/>
      <line num="160" type="stmt" count="0"/>
      <line num="163" type="stmt" count="0"/>
      <line num="164" type="stmt" count="0"/>
      <line num="168" type="stmt" count="0"/>
      <line num="171" type="stmt" count="0"/>
      <line num="175" type="stmt" count="0"/>
      <line num="178" type="stmt" count="0"/>
      <line num="184" type="stmt" count="0"/>
      <line num="185" type="stmt" count="0"/>
      <line num="187" type="stmt" count="0"/>
      <line num="189" type="stmt" count="0"/>
      <line num="190" type="stmt" count="0"/>
      <line num="191" type="stmt" count="0"/>
      <line num="192" type="stmt" count="0"/>
      <line num="196" type="stmt" count="0"/>
      <line num="201" type="stmt" count="0"/>
      <line num="205" type="stmt" count="0"/>
      <line num="209" type="stmt" count="0"/>
      <line num="212" type="stmt" count="0"/>
      <line num="216" type="stmt" count="0"/>
      <line num="219" type="stmt" count="0"/>
      <line num="225" type="stmt" count="0"/>
      <line num="226" type="stmt" count="0"/>
      <line num="229" type="stmt" count="0"/>
      <line num="240" type="method" name="translateElementError" visibility="public" complexity="6" crap="42" count="0"/>
      <line num="247" type="stmt" count="0"/>
      <line num="248" type="stmt" count="0"/>
      <line num="251" type="stmt" count="0"/>
      <line num="252" type="stmt" count="0"/>
      <line num="253" type="stmt" count="0"/>
      <line num="254" type="stmt" count="0"/>
      <line num="257" type="stmt" count="0"/>
      <line num="258" type="stmt" count="0"/>
      <line num="259" type="stmt" count="0"/>
      <line num="261" type="stmt" count="0"/>
      <line num="262" type="stmt" count="0"/>
      <line num="263" type="stmt" count="0"/>
      <line num="264" type="stmt" count="0"/>
      <line num="268" type="stmt" count="0"/>
      <line num="272" type="stmt" count="0"/>
      <line num="279" type="stmt" count="0"/>
      <line num="282" type="stmt" count="0"/>
      <line num="283" type="stmt" count="0"/>
      <line num="286" type="stmt" count="0"/>
      <line num="289" type="stmt" count="0"/>
      <line num="292" type="stmt" count="0"/>
      <line num="295" type="stmt" count="0"/>
      <line num="298" type="stmt" count="0"/>
      <line num="301" type="stmt" count="0"/>
      <line num="303" type="stmt" count="0"/>
      <metrics loc="306" ncloc="281" classes="1" methods="3" coveredmethods="0" conditionals="0" coveredconditionals="0" statements="107" coveredstatements="0" elements="110" coveredelements="0"/>
    </file>
    <file name="/home/runner/work/headless/headless/Classes/Form/Translator.php">
      <class name="FriendsOfTYPO3\Headless\Form\Translator" namespace="global">
        <metrics complexity="22" methods="3" coveredmethods="3" conditionals="0" coveredconditionals="0" statements="47" coveredstatements="47" elements="50" coveredelements="50"/>
      </class>
      <line num="25" type="method" name="__construct" visibility="public" complexity="1" crap="1" count="1"/>
      <line num="27" type="stmt" count="1"/>
      <line num="35" type="method" name="translate" visibility="public" complexity="6" crap="6" count="1"/>
      <line num="37" type="stmt" count="1"/>
      <line num="38" type="stmt" count="1"/>
      <line num="39" type="stmt" count="1"/>
      <line num="43" type="stmt" count="1"/>
      <line num="44" type="stmt" count="1"/>
      <line num="45" type="stmt" count="1"/>
      <line num="46" type="stmt" count="1"/>
      <line num="50" type="stmt" count="1"/>
      <line num="51" type="stmt" count="1"/>
      <line num="52" type="stmt" count="1"/>
      <line num="55" type="stmt" count="1"/>
      <line num="56" type="stmt" count="1"/>
      <line num="59" type="stmt" count="1"/>
      <line num="61" type="stmt" count="1"/>
      <line num="64" type="stmt" count="1"/>
      <line num="72" type="method" name="translateRenderables" visibility="private" complexity="15" crap="15" count="1"/>
      <line num="74" type="stmt" count="1"/>
      <line num="75" type="stmt" count="1"/>
      <line num="77" type="stmt" count="1"/>
      <line num="78" type="stmt" count="1"/>
      <line num="81" type="stmt" count="1"/>
      <line num="82" type="stmt" count="1"/>
      <line num="83" type="stmt" count="1"/>
      <line num="84" type="stmt" count="1"/>
      <line num="85" type="stmt" count="1"/>
      <line num="88" type="stmt" count="1"/>
      <line num="90" type="stmt" count="1"/>
      <line num="92" type="stmt" count="1"/>
      <line num="97" type="stmt" count="1"/>
      <line num="98" type="stmt" count="1"/>
      <line num="100" type="stmt" count="1"/>
      <line num="102" type="stmt" count="1"/>
      <line num="108" type="stmt" count="1"/>
      <line num="109" type="stmt" count="1"/>
      <line num="110" type="stmt" count="1"/>
      <line num="111" type="stmt" count="1"/>
      <line num="112" type="stmt" count="1"/>
      <line num="113" type="stmt" count="1"/>
      <line num="114" type="stmt" count="1"/>
      <line num="116" type="stmt" count="1"/>
      <line num="123" type="stmt" count="1"/>
      <line num="125" type="stmt" count="1"/>
      <line num="129" type="stmt" count="1"/>
      <line num="131" type="stmt" count="1"/>
      <line num="135" type="stmt" count="1"/>
      <line num="136" type="stmt" count="1"/>
      <line num="139" type="stmt" count="1"/>
      <metrics loc="142" ncloc="126" classes="1" methods="3" coveredmethods="3" conditionals="0" coveredconditionals="0" statements="47" coveredstatements="47" elements="50" coveredelements="50"/>
    </file>
    <file name="/home/runner/work/headless/headless/Classes/Hooks/FileOrFolderLinkBuilder.php">
      <class name="FriendsOfTYPO3\Headless\Hooks\FileOrFolderLinkBuilder" namespace="global">
        <metrics complexity="6" methods="0" coveredmethods="0" conditionals="0" coveredconditionals="0" statements="0" coveredstatements="0" elements="0" coveredelements="0"/>
      </class>
      <metrics loc="43" ncloc="30" classes="0" methods="0" coveredmethods="0" conditionals="0" coveredconditionals="0" statements="0" coveredstatements="0" elements="0" coveredelements="0"/>
    </file>
    <file name="/home/runner/work/headless/headless/Classes/Hooks/PreviewUrlHook.php">
      <class name="FriendsOfTYPO3\Headless\Hooks\PreviewUrlHook" namespace="global">
        <metrics complexity="1" methods="0" coveredmethods="0" conditionals="0" coveredconditionals="0" statements="0" coveredstatements="0" elements="0" coveredelements="0"/>
      </class>
      <metrics loc="39" ncloc="18" classes="0" methods="0" coveredmethods="0" conditionals="0" coveredconditionals="0" statements="0" coveredstatements="0" elements="0" coveredelements="0"/>
    </file>
    <file name="/home/runner/work/headless/headless/Classes/Hooks/TypolinkHook.php">
      <class name="FriendsOfTYPO3\Headless\Hooks\TypolinkHook" namespace="global">
        <metrics complexity="4" methods="0" coveredmethods="0" conditionals="0" coveredconditionals="0" statements="0" coveredstatements="0" elements="0" coveredelements="0"/>
      </class>
      <metrics loc="41" ncloc="31" classes="0" methods="0" coveredmethods="0" conditionals="0" coveredconditionals="0" statements="0" coveredstatements="0" elements="0" coveredelements="0"/>
    </file>
    <file name="/home/runner/work/headless/headless/Classes/Json/JsonDecoder.php">
      <class name="FriendsOfTYPO3\Headless\Json\JsonDecoder" namespace="global">
        <metrics complexity="10" methods="2" coveredmethods="2" conditionals="0" coveredconditionals="0" statements="19" coveredstatements="19" elements="21" coveredelements="21"/>
      </class>
      <line num="26" type="method" name="decode" visibility="public" complexity="5" crap="5" count="22"/>
      <line num="28" type="stmt" count="22"/>
      <line num="30" type="stmt" count="22"/>
      <line num="31" type="stmt" count="18"/>
      <line num="32" type="stmt" count="11"/>
      <line num="33" type="stmt" count="3"/>
      <line num="35" type="stmt" count="11"/>
      <line num="37" type="stmt" count="12"/>
      <line num="38" type="stmt" count="7"/>
      <line num="40" type="stmt" count="9"/>
      <line num="43" type="stmt" count="22"/>
      <line num="49" type="method" name="isJson" visibility="public" complexity="5" crap="5" count="27"/>
      <line num="51" type="stmt" count="27"/>
      <line num="52" type="stmt" count="7"/>
      <line num="55" type="stmt" count="20"/>
      <line num="57" type="stmt" count="20"/>
      <line num="58" type="stmt" count="3"/>
      <line num="61" type="stmt" count="17"/>
      <line num="63" type="stmt" count="17"/>
      <line num="64" type="stmt" count="14"/>
      <line num="67" type="stmt" count="4"/>
      <metrics loc="70" ncloc="58" classes="1" methods="2" coveredmethods="2" conditionals="0" coveredconditionals="0" statements="19" coveredstatements="19" elements="21" coveredelements="21"/>
    </file>
    <file name="/home/runner/work/headless/headless/Classes/Json/JsonDecoderInterface.php">
      <metrics loc="28" ncloc="14" classes="0" methods="0" coveredmethods="0" conditionals="0" coveredconditionals="0" statements="0" coveredstatements="0" elements="0" coveredelements="0"/>
    </file>
    <file name="/home/runner/work/headless/headless/Classes/Json/JsonEncoder.php">
      <class name="FriendsOfTYPO3\Headless\Json\JsonEncoder" namespace="global">
        <metrics complexity="3" methods="1" coveredmethods="1" conditionals="0" coveredconditionals="0" statements="6" coveredstatements="6" elements="7" coveredelements="7"/>
      </class>
      <line num="28" type="method" name="encode" visibility="public" complexity="3" crap="3" count="25"/>
      <line num="31" type="stmt" count="25"/>
      <line num="32" type="stmt" count="25"/>
      <line num="35" type="stmt" count="25"/>
      <line num="36" type="stmt" count="1"/>
      <line num="37" type="stmt" count="1"/>
      <line num="38" type="stmt" count="1"/>
      <metrics loc="42" ncloc="33" classes="1" methods="1" coveredmethods="1" conditionals="0" coveredconditionals="0" statements="6" coveredstatements="6" elements="7" coveredelements="7"/>
    </file>
    <file name="/home/runner/work/headless/headless/Classes/Json/JsonEncoderInterface.php">
      <metrics loc="23" ncloc="12" classes="0" methods="0" coveredmethods="0" conditionals="0" coveredconditionals="0" statements="0" coveredstatements="0" elements="0" coveredelements="0"/>
    </file>
    <file name="/home/runner/work/headless/headless/Classes/Middleware/ElementBodyResponseMiddleware.php">
      <class name="FriendsOfTYPO3\Headless\Middleware\ElementBodyResponseMiddleware" namespace="global">
        <metrics complexity="17" methods="3" coveredmethods="3" conditionals="0" coveredconditionals="0" statements="33" coveredstatements="33" elements="36" coveredelements="36"/>
      </class>
      <line num="30" type="method" name="__construct" visibility="public" complexity="1" crap="1" count="1"/>
      <line num="32" type="stmt" count="1"/>
      <line num="35" type="method" name="process" visibility="public" complexity="6" crap="6" count="1"/>
      <line num="37" type="stmt" count="1"/>
      <line num="42" type="stmt" count="1"/>
      <line num="44" type="stmt" count="1"/>
      <line num="45" type="stmt" count="1"/>
      <line num="48" type="stmt" count="1"/>
      <line num="50" type="stmt" count="1"/>
      <line num="51" type="stmt" count="1"/>
      <line num="54" type="stmt" count="1"/>
      <line num="56" type="stmt" count="1"/>
      <line num="57" type="stmt" count="1"/>
      <line num="60" type="stmt" count="1"/>
      <line num="61" type="stmt" count="1"/>
      <line num="63" type="stmt" count="1"/>
      <line num="64" type="stmt" count="1"/>
      <line num="67" type="stmt" count="1"/>
      <line num="68" type="stmt" count="1"/>
      <line num="69" type="stmt" count="1"/>
      <line num="74" type="stmt" count="1"/>
      <line num="82" type="method" name="extractElement" visibility="private" complexity="10" crap="10" count="1"/>
      <line num="84" type="stmt" count="1"/>
      <line num="86" type="stmt" count="1"/>
      <line num="87" type="stmt" count="1"/>
      <line num="88" type="stmt" count="1"/>
      <line num="91" type="stmt" count="1"/>
      <line num="92" type="stmt" count="1"/>
      <line num="93" type="stmt" count="1"/>
      <line num="96" type="stmt" count="1"/>
      <line num="97" type="stmt" count="1"/>
      <line num="98" type="stmt" count="1"/>
      <line num="99" type="stmt" count="1"/>
      <line num="101" type="stmt" count="1"/>
      <line num="102" type="stmt" count="1"/>
      <line num="110" type="stmt" count="1"/>
      <metrics loc="113" ncloc="99" classes="1" methods="3" coveredmethods="3" conditionals="0" coveredconditionals="0" statements="33" coveredstatements="33" elements="36" coveredelements="36"/>
    </file>
    <file name="/home/runner/work/headless/headless/Classes/Middleware/RedirectHandler.php">
      <class name="FriendsOfTYPO3\Headless\Middleware\RedirectHandler" namespace="global">
        <metrics complexity="14" methods="0" coveredmethods="0" conditionals="0" coveredconditionals="0" statements="0" coveredstatements="0" elements="0" coveredelements="0"/>
      </class>
      <metrics loc="139" ncloc="117" classes="0" methods="0" coveredmethods="0" conditionals="0" coveredconditionals="0" statements="0" coveredstatements="0" elements="0" coveredelements="0"/>
    </file>
    <file name="/home/runner/work/headless/headless/Classes/Middleware/ShortcutAndMountPointRedirect.php">
      <class name="FriendsOfTYPO3\Headless\Middleware\ShortcutAndMountPointRedirect" namespace="global">
        <metrics complexity="21" methods="5" coveredmethods="5" conditionals="0" coveredconditionals="0" statements="42" coveredstatements="42" elements="47" coveredelements="47"/>
      </class>
      <line num="31" type="method" name="process" visibility="public" complexity="12" crap="12" count="5"/>
      <line num="33" type="stmt" count="5"/>
      <line num="34" type="stmt" count="5"/>
      <line num="36" type="stmt" count="5"/>
      <line num="37" type="stmt" count="1"/>
      <line num="40" type="stmt" count="5"/>
      <line num="41" type="stmt" count="5"/>
      <line num="42" type="stmt" count="1"/>
      <line num="45" type="stmt" count="5"/>
      <line num="46" type="stmt" count="5"/>
      <line num="47" type="stmt" count="1"/>
      <line num="49" type="stmt" count="1"/>
      <line num="50" type="stmt" count="1"/>
      <line num="51" type="stmt" count="1"/>
      <line num="52" type="stmt" count="1"/>
      <line num="53" type="stmt" count="1"/>
      <line num="57" type="stmt" count="1"/>
      <line num="62" type="stmt" count="5"/>
      <line num="63" type="stmt" count="5"/>
      <line num="65" type="stmt" count="5"/>
      <line num="66" type="stmt" count="5"/>
      <line num="67" type="stmt" count="5"/>
      <line num="70" type="stmt" count="5"/>
      <line num="71" type="stmt" count="5"/>
      <line num="72" type="stmt" count="5"/>
      <line num="73" type="stmt" count="5"/>
      <line num="76" type="stmt" count="1"/>
      <line num="80" type="stmt" count="1"/>
      <line num="83" type="method" name="getRedirectUri" visibility="protected" complexity="1" crap="1" count="5"/>
      <line num="85" type="stmt" count="5"/>
      <line num="86" type="stmt" count="5"/>
      <line num="89" type="method" name="releaseTypoScriptFrontendControllerLocks" visibility="protected" complexity="1" crap="1" count="5"/>
      <line num="91" type="stmt" count="5"/>
      <line num="101" type="method" name="prefixExternalPageUrl" visibility="protected" complexity="5" crap="5" count="5"/>
      <line num="103" type="stmt" count="5"/>
      <line num="105" type="stmt" count="5"/>
      <line num="106" type="stmt" count="1"/>
      <line num="111" type="stmt" count="4"/>
      <line num="112" type="stmt" count="3"/>
      <line num="113" type="stmt" count="1"/>
      <line num="114" type="stmt" count="2"/>
      <line num="115" type="stmt" count="1"/>
      <line num="118" type="stmt" count="4"/>
      <line num="121" type="method" name="isHeadlessEnabled" visibility="private" complexity="2" crap="2" count="5"/>
      <line num="123" type="stmt" count="5"/>
      <line num="125" type="stmt" count="5"/>
      <line num="126" type="stmt" count="5"/>
      <metrics loc="129" ncloc="113" classes="1" methods="5" coveredmethods="5" conditionals="0" coveredconditionals="0" statements="42" coveredstatements="42" elements="47" coveredelements="47"/>
    </file>
    <file name="/home/runner/work/headless/headless/Classes/Middleware/UserIntMiddleware.php">
      <class name="FriendsOfTYPO3\Headless\Middleware\UserIntMiddleware" namespace="global">
        <metrics complexity="6" methods="2" coveredmethods="2" conditionals="0" coveredconditionals="0" statements="12" coveredstatements="12" elements="14" coveredelements="14"/>
      </class>
      <line num="34" type="method" name="__construct" visibility="public" complexity="1" crap="1" count="1"/>
      <line num="37" type="stmt" count="1"/>
      <line num="40" type="method" name="process" visibility="public" complexity="5" crap="5" count="1"/>
      <line num="42" type="stmt" count="1"/>
      <line num="44" type="stmt" count="1"/>
      <line num="45" type="stmt" count="1"/>
      <line num="46" type="stmt" count="1"/>
      <line num="49" type="stmt" count="1"/>
      <line num="50" type="stmt" count="1"/>
      <line num="52" type="stmt" count="1"/>
      <line num="55" type="stmt" count="1"/>
      <line num="57" type="stmt" count="1"/>
      <line num="58" type="stmt" count="1"/>
      <line num="60" type="stmt" count="1"/>
      <metrics loc="63" ncloc="51" classes="1" methods="2" coveredmethods="2" conditionals="0" coveredconditionals="0" statements="12" coveredstatements="12" elements="14" coveredelements="14"/>
    </file>
    <file name="/home/runner/work/headless/headless/Classes/Resource/Rendering/AudioTagRenderer.php">
      <class name="FriendsOfTYPO3\Headless\Resource\Rendering\AudioTagRenderer" namespace="global">
        <metrics complexity="17" methods="0" coveredmethods="0" conditionals="0" coveredconditionals="0" statements="0" coveredstatements="0" elements="0" coveredelements="0"/>
      </class>
      <metrics loc="89" ncloc="64" classes="0" methods="0" coveredmethods="0" conditionals="0" coveredconditionals="0" statements="0" coveredstatements="0" elements="0" coveredelements="0"/>
    </file>
    <file name="/home/runner/work/headless/headless/Classes/Resource/Rendering/VideoTagRenderer.php">
      <class name="FriendsOfTYPO3\Headless\Resource\Rendering\VideoTagRenderer" namespace="global">
        <metrics complexity="21" methods="0" coveredmethods="0" conditionals="0" coveredconditionals="0" statements="0" coveredstatements="0" elements="0" coveredelements="0"/>
      </class>
      <metrics loc="97" ncloc="72" classes="0" methods="0" coveredmethods="0" conditionals="0" coveredconditionals="0" statements="0" coveredstatements="0" elements="0" coveredelements="0"/>
    </file>
    <file name="/home/runner/work/headless/headless/Classes/Resource/Rendering/VimeoRenderer.php">
      <class name="FriendsOfTYPO3\Headless\Resource\Rendering\VimeoRenderer" namespace="global">
        <metrics complexity="3" methods="0" coveredmethods="0" conditionals="0" coveredconditionals="0" statements="0" coveredstatements="0" elements="0" coveredelements="0"/>
      </class>
      <metrics loc="50" ncloc="26" classes="0" methods="0" coveredmethods="0" conditionals="0" coveredconditionals="0" statements="0" coveredstatements="0" elements="0" coveredelements="0"/>
    </file>
    <file name="/home/runner/work/headless/headless/Classes/Resource/Rendering/YouTubeRenderer.php">
      <class name="FriendsOfTYPO3\Headless\Resource\Rendering\YouTubeRenderer" namespace="global">
        <metrics complexity="3" methods="0" coveredmethods="0" conditionals="0" coveredconditionals="0" statements="0" coveredstatements="0" elements="0" coveredelements="0"/>
      </class>
      <metrics loc="50" ncloc="26" classes="0" methods="0" coveredmethods="0" conditionals="0" coveredconditionals="0" statements="0" coveredstatements="0" elements="0" coveredelements="0"/>
    </file>
    <file name="/home/runner/work/headless/headless/Classes/Seo/XmlSitemap/PagesXmlSitemapDataProvider.php">
      <class name="FriendsOfTYPO3\Headless\Seo\XmlSitemap\PagesXmlSitemapDataProvider" namespace="global">
        <metrics complexity="1" methods="0" coveredmethods="0" conditionals="0" coveredconditionals="0" statements="0" coveredstatements="0" elements="0" coveredelements="0"/>
      </class>
      <metrics loc="31" ncloc="22" classes="0" methods="0" coveredmethods="0" conditionals="0" coveredconditionals="0" statements="0" coveredstatements="0" elements="0" coveredelements="0"/>
    </file>
    <file name="/home/runner/work/headless/headless/Classes/Seo/XmlSitemap/RecordsXmlSitemapDataProvider.php">
      <class name="FriendsOfTYPO3\Headless\Seo\XmlSitemap\RecordsXmlSitemapDataProvider" namespace="global">
        <metrics complexity="2" methods="0" coveredmethods="0" conditionals="0" coveredconditionals="0" statements="0" coveredstatements="0" elements="0" coveredelements="0"/>
      </class>
      <metrics loc="45" ncloc="36" classes="0" methods="0" coveredmethods="0" conditionals="0" coveredconditionals="0" statements="0" coveredstatements="0" elements="0" coveredelements="0"/>
    </file>
    <file name="/home/runner/work/headless/headless/Classes/Seo/XmlSitemap/XmlSitemapRenderer.php">
      <class name="FriendsOfTYPO3\Headless\Seo\XmlSitemap\XmlSitemapRenderer" namespace="global">
        <metrics complexity="7" methods="0" coveredmethods="0" conditionals="0" coveredconditionals="0" statements="0" coveredstatements="0" elements="0" coveredelements="0"/>
      </class>
      <metrics loc="75" ncloc="58" classes="0" methods="0" coveredmethods="0" conditionals="0" coveredconditionals="0" statements="0" coveredstatements="0" elements="0" coveredelements="0"/>
    </file>
    <file name="/home/runner/work/headless/headless/Classes/Service/BackendTsfeService.php">
      <class name="FriendsOfTYPO3\Headless\Service\BackendTsfeService" namespace="global">
        <metrics complexity="16" methods="0" coveredmethods="0" conditionals="0" coveredconditionals="0" statements="0" coveredstatements="0" elements="0" coveredelements="0"/>
      </class>
      <metrics loc="180" ncloc="163" classes="0" methods="0" coveredmethods="0" conditionals="0" coveredconditionals="0" statements="0" coveredstatements="0" elements="0" coveredelements="0"/>
    </file>
    <file name="/home/runner/work/headless/headless/Classes/Service/BackendTsfeServiceInterface.php">
      <metrics loc="24" ncloc="15" classes="0" methods="0" coveredmethods="0" conditionals="0" coveredconditionals="0" statements="0" coveredstatements="0" elements="0" coveredelements="0"/>
    </file>
    <file name="/home/runner/work/headless/headless/Classes/Service/JsonViewConfigurationService.php">
      <class name="FriendsOfTYPO3\Headless\Service\JsonViewConfigurationService" namespace="global">
        <metrics complexity="22" methods="0" coveredmethods="0" conditionals="0" coveredconditionals="0" statements="0" coveredstatements="0" elements="0" coveredelements="0"/>
      </class>
      <metrics loc="160" ncloc="151" classes="0" methods="0" coveredmethods="0" conditionals="0" coveredconditionals="0" statements="0" coveredstatements="0" elements="0" coveredelements="0"/>
    </file>
    <file name="/home/runner/work/headless/headless/Classes/Service/JsonViewConfigurationServiceInterface.php">
      <metrics loc="29" ncloc="20" classes="0" methods="0" coveredmethods="0" conditionals="0" coveredconditionals="0" statements="0" coveredstatements="0" elements="0" coveredelements="0"/>
    </file>
    <file name="/home/runner/work/headless/headless/Classes/Service/PaginationService.php">
      <class name="FriendsOfTYPO3\Headless\Service\PaginationService" namespace="global">
        <metrics complexity="20" methods="0" coveredmethods="0" conditionals="0" coveredconditionals="0" statements="0" coveredstatements="0" elements="0" coveredelements="0"/>
      </class>
      <metrics loc="206" ncloc="149" classes="0" methods="0" coveredmethods="0" conditionals="0" coveredconditionals="0" statements="0" coveredstatements="0" elements="0" coveredelements="0"/>
    </file>
    <file name="/home/runner/work/headless/headless/Classes/Service/Parser/DefaultJsonParser.php">
      <class name="FriendsOfTYPO3\Headless\Service\Parser\DefaultJsonParser" namespace="global">
        <metrics complexity="4" methods="0" coveredmethods="0" conditionals="0" coveredconditionals="0" statements="0" coveredstatements="0" elements="0" coveredelements="0"/>
      </class>
      <metrics loc="67" ncloc="58" classes="0" methods="0" coveredmethods="0" conditionals="0" coveredconditionals="0" statements="0" coveredstatements="0" elements="0" coveredelements="0"/>
    </file>
    <file name="/home/runner/work/headless/headless/Classes/Service/Parser/JsonParserInterface.php">
      <metrics loc="19" ncloc="10" classes="0" methods="0" coveredmethods="0" conditionals="0" coveredconditionals="0" statements="0" coveredstatements="0" elements="0" coveredelements="0"/>
    </file>
    <file name="/home/runner/work/headless/headless/Classes/Service/Parser/PageJsonParser.php">
      <class name="FriendsOfTYPO3\Headless\Service\Parser\PageJsonParser" namespace="global">
        <metrics complexity="32" methods="0" coveredmethods="0" conditionals="0" coveredconditionals="0" statements="0" coveredstatements="0" elements="0" coveredelements="0"/>
      </class>
      <metrics loc="194" ncloc="183" classes="0" methods="0" coveredmethods="0" conditionals="0" coveredconditionals="0" statements="0" coveredstatements="0" elements="0" coveredelements="0"/>
    </file>
    <file name="/home/runner/work/headless/headless/Classes/Utility/FileUtility.php">
      <class name="FriendsOfTYPO3\Headless\Utility\FileUtility" namespace="global">
        <metrics complexity="24" methods="9" coveredmethods="9" conditionals="0" coveredconditionals="0" statements="84" coveredstatements="84" elements="93" coveredelements="93"/>
      </class>
      <line num="65" type="method" name="__construct" visibility="public" complexity="1" crap="1" count="3"/>
      <line num="71" type="stmt" count="3"/>
      <line num="72" type="stmt" count="3"/>
      <line num="73" type="stmt" count="3"/>
      <line num="74" type="stmt" count="3"/>
      <line num="83" type="method" name="processFile" visibility="public" complexity="6" crap="6" count="1"/>
      <line num="85" type="stmt" count="1"/>
      <line num="86" type="stmt" count="1"/>
      <line num="87" type="stmt" count="1"/>
      <line num="88" type="stmt" count="1"/>
      <line num="89" type="stmt" count="1"/>
      <line num="91" type="stmt" count="1"/>
      <line num="93" type="stmt" count="1"/>
      <line num="94" type="stmt" count="1"/>
      <line num="96" type="stmt" count="1"/>
      <line num="97" type="stmt" count="1"/>
      <line num="98" type="stmt" count="1"/>
      <line num="101" type="stmt" count="1"/>
      <line num="102" type="stmt" count="1"/>
      <line num="103" type="stmt" count="1"/>
      <line num="104" type="stmt" count="1"/>
      <line num="105" type="stmt" count="1"/>
      <line num="106" type="stmt" count="1"/>
      <line num="109" type="stmt" count="1"/>
      <line num="110" type="stmt" count="1"/>
      <line num="111" type="stmt" count="1"/>
      <line num="113" type="stmt" count="1"/>
      <line num="114" type="stmt" count="1"/>
      <line num="115" type="stmt" count="1"/>
      <line num="117" type="stmt" count="1"/>
      <line num="120" type="stmt" count="1"/>
      <line num="121" type="stmt" count="1"/>
      <line num="122" type="stmt" count="1"/>
      <line num="123" type="stmt" count="1"/>
      <line num="127" type="stmt" count="1"/>
      <line num="129" type="stmt" count="1"/>
      <line num="130" type="stmt" count="1"/>
      <line num="133" type="stmt" count="1"/>
      <line num="134" type="stmt" count="1"/>
      <line num="137" type="stmt" count="1"/>
      <line num="138" type="stmt" count="1"/>
      <line num="142" type="stmt" count="1"/>
      <line num="143" type="stmt" count="1"/>
      <line num="153" type="method" name="processImageFile" visibility="public" complexity="6" crap="6" count="2"/>
      <line num="156" type="stmt" count="2"/>
      <line num="157" type="stmt" count="2"/>
      <line num="158" type="stmt" count="2"/>
      <line num="159" type="stmt" count="2"/>
      <line num="161" type="stmt" count="2"/>
      <line num="162" type="stmt" count="2"/>
      <line num="163" type="stmt" count="2"/>
      <line num="164" type="stmt" count="2"/>
      <line num="165" type="stmt" count="2"/>
      <line num="166" type="stmt" count="2"/>
      <line num="167" type="stmt" count="2"/>
      <line num="168" type="stmt" count="2"/>
      <line num="169" type="stmt" count="2"/>
      <line num="170" type="stmt" count="2"/>
      <line num="171" type="stmt" count="2"/>
      <line num="173" type="stmt" count="2"/>
      <line num="174" type="stmt" count="1"/>
      <line num="175" type="stmt" count="1"/>
      <line num="176" type="stmt" count="1"/>
      <line num="177" type="stmt" count="1"/>
      <line num="185" type="method" name="getAbsoluteUrl" visibility="public" complexity="2" crap="2" count="2"/>
      <line num="187" type="stmt" count="2"/>
      <line num="188" type="stmt" count="2"/>
      <line num="189" type="stmt" count="2"/>
      <line num="190" type="stmt" count="2"/>
      <line num="191" type="stmt" count="1"/>
      <line num="192" type="stmt" count="1"/>
      <line num="195" type="stmt" count="2"/>
      <line num="198" type="method" name="getErrors" visibility="public" complexity="1" crap="1" count="1"/>
      <line num="200" type="stmt" count="1"/>
      <line num="213" type="method" name="getCroppedDimensionalProperty" visibility="protected" complexity="3" crap="3" count="1"/>
      <line num="218" type="stmt" count="1"/>
      <line num="219" type="stmt" count="1"/>
      <line num="222" type="stmt" count="1"/>
      <line num="223" type="stmt" count="1"/>
      <line num="224" type="stmt" count="1"/>
      <line num="225" type="stmt" count="1"/>
      <line num="232" type="method" name="calculateKilobytesToFileSize" visibility="protected" complexity="2" crap="2" count="1"/>
      <line num="234" type="stmt" count="1"/>
      <line num="235" type="stmt" count="1"/>
      <line num="236" type="stmt" count="1"/>
      <line num="237" type="stmt" count="1"/>
      <line num="238" type="stmt" count="1"/>
      <line num="239" type="stmt" count="1"/>
      <line num="241" type="stmt" count="1"/>
      <line num="247" type="method" name="getNormalizedParams" visibility="protected" complexity="1" crap="1" count="2"/>
      <line num="249" type="stmt" count="2"/>
      <line num="252" type="method" name="createCropVariant" visibility="protected" complexity="1" crap="1" count="2"/>
      <line num="254" type="stmt" count="2"/>
      <metrics loc="265" ncloc="199" classes="1" methods="9" coveredmethods="9" conditionals="0" coveredconditionals="0" statements="84" coveredstatements="84" elements="93" coveredelements="93"/>
    </file>
    <file name="/home/runner/work/headless/headless/Classes/Utility/HeadlessFrontendUrlInterface.php">
      <metrics loc="32" ncloc="26" classes="0" methods="0" coveredmethods="0" conditionals="0" coveredconditionals="0" statements="0" coveredstatements="0" elements="0" coveredelements="0"/>
    </file>
    <file name="/home/runner/work/headless/headless/Classes/Utility/HeadlessUserInt.php">
      <class name="FriendsOfTYPO3\Headless\Utility\HeadlessUserInt" namespace="global">
        <metrics complexity="9" methods="3" coveredmethods="3" conditionals="0" coveredconditionals="0" statements="20" coveredstatements="20" elements="23" coveredelements="23"/>
      </class>
      <line num="36" type="method" name="replace" visibility="private" complexity="6" crap="6" count="7"/>
      <line num="38" type="stmt" count="7"/>
      <line num="39" type="stmt" count="7"/>
      <line num="41" type="stmt" count="4"/>
      <line num="43" type="stmt" count="4"/>
      <line num="44" type="stmt" count="3"/>
      <line num="46" type="stmt" count="1"/>
      <line num="50" type="stmt" count="3"/>
      <line num="51" type="stmt" count="3"/>
      <line num="52" type="stmt" count="3"/>
      <line num="54" type="stmt" count="3"/>
      <line num="57" type="method" name="wrap" visibility="public" complexity="1" crap="1" count="2"/>
      <line num="59" type="stmt" count="2"/>
      <line num="60" type="stmt" count="2"/>
      <line num="61" type="stmt" count="2"/>
      <line num="66" type="method" name="unwrap" visibility="public" complexity="2" crap="2" count="7"/>
      <line num="68" type="stmt" count="7"/>
      <line num="69" type="stmt" count="3"/>
      <line num="70" type="stmt" count="3"/>
      <line num="71" type="stmt" count="3"/>
      <line num="76" type="stmt" count="7"/>
      <line num="77" type="stmt" count="7"/>
      <line num="78" type="stmt" count="7"/>
      <metrics loc="83" ncloc="68" classes="1" methods="3" coveredmethods="3" conditionals="0" coveredconditionals="0" statements="20" coveredstatements="20" elements="23" coveredelements="23"/>
    </file>
    <file name="/home/runner/work/headless/headless/Classes/Utility/JsonViewMenusUtility.php">
      <class name="FriendsOfTYPO3\Headless\Utility\JsonViewMenusUtility" namespace="global">
        <metrics complexity="22" methods="0" coveredmethods="0" conditionals="0" coveredconditionals="0" statements="0" coveredstatements="0" elements="0" coveredelements="0"/>
      </class>
      <metrics loc="200" ncloc="187" classes="0" methods="0" coveredmethods="0" conditionals="0" coveredconditionals="0" statements="0" coveredstatements="0" elements="0" coveredelements="0"/>
    </file>
    <file name="/home/runner/work/headless/headless/Classes/Utility/UrlUtility.php">
      <class name="FriendsOfTYPO3\Headless\Utility\UrlUtility" namespace="global">
        <metrics complexity="31" methods="10" coveredmethods="10" conditionals="0" coveredconditionals="0" statements="60" coveredstatements="60" elements="70" coveredelements="70"/>
      </class>
      <line num="43" type="method" name="__construct" visibility="public" complexity="3" crap="3" count="9"/>
      <line num="49" type="stmt" count="9"/>
      <line num="50" type="stmt" count="9"/>
      <line num="51" type="stmt" count="9"/>
      <line num="52" type="stmt" count="9"/>
      <line num="54" type="stmt" count="9"/>
      <line num="55" type="stmt" count="2"/>
      <line num="56" type="stmt" count="2"/>
      <line num="57" type="stmt" count="2"/>
      <line num="58" type="stmt" count="2"/>
      <line num="63" type="method" name="withSite" visibility="public" complexity="1" crap="1" count="6"/>
      <line num="65" type="stmt" count="6"/>
      <line num="66" type="stmt" count="6"/>
      <line num="67" type="stmt" count="6"/>
      <line num="68" type="stmt" count="6"/>
      <line num="70" type="stmt" count="6"/>
      <line num="73" type="method" name="getFrontendUrlForPage" visibility="public" complexity="8" crap="8" count="7"/>
      <line num="75" type="stmt" count="7"/>
      <line num="76" type="stmt" count="6"/>
      <line num="80" type="stmt" count="4"/>
      <line num="81" type="stmt" count="4"/>
      <line num="82" type="stmt" count="4"/>
      <line num="83" type="stmt" count="4"/>
      <line num="85" type="stmt" count="4"/>
      <line num="86" type="stmt" count="4"/>
      <line num="87" type="stmt" count="4"/>
      <line num="91" type="stmt" count="4"/>
      <line num="92" type="stmt" count="1"/>
      <line num="95" type="stmt" count="3"/>
      <line num="96" type="stmt" count="3"/>
      <line num="97" type="stmt" count="3"/>
      <line num="99" type="stmt" count="3"/>
      <line num="100" type="stmt" count="3"/>
      <line num="103" type="stmt" count="3"/>
      <line num="104" type="stmt" count="1"/>
      <line num="106" type="stmt" count="2"/>
      <line num="107" type="stmt" count="2"/>
      <line num="108" type="stmt" count="2"/>
      <line num="111" type="stmt" count="1"/>
      <line num="112" type="stmt" count="1"/>
      <line num="115" type="stmt" count="1"/>
      <line num="118" type="method" name="getFrontendUrl" visibility="public" complexity="1" crap="1" count="3"/>
      <line num="120" type="stmt" count="3"/>
      <line num="123" type="method" name="getProxyUrl" visibility="public" complexity="1" crap="1" count="2"/>
      <line num="125" type="stmt" count="2"/>
      <line num="128" type="method" name="getStorageProxyUrl" visibility="public" complexity="1" crap="1" count="1"/>
      <line num="130" type="stmt" count="1"/>
      <line num="133" type="method" name="resolveKey" visibility="public" complexity="1" crap="1" count="1"/>
      <line num="135" type="stmt" count="1"/>
      <line num="138" type="method" name="prepareRelativeUrlIfPossible" visibility="public" complexity="3" crap="3" count="1"/>
      <line num="140" type="stmt" count="1"/>
      <line num="141" type="stmt" count="1"/>
      <line num="143" type="stmt" count="1"/>
      <line num="144" type="stmt" count="1"/>
      <line num="147" type="stmt" count="1"/>
      <line num="164" type="method" name="sanitizeBaseUrl" visibility="private" complexity="5" crap="5" count="4"/>
      <line num="168" type="stmt" count="4"/>
      <line num="172" type="stmt" count="1"/>
      <line num="173" type="stmt" count="1"/>
      <line num="176" type="stmt" count="1"/>
      <line num="179" type="stmt" count="4"/>
      <line num="182" type="method" name="resolveWithVariants" visibility="private" complexity="5" crap="5" count="7"/>
      <line num="187" type="stmt" count="7"/>
      <line num="188" type="stmt" count="1"/>
      <line num="191" type="stmt" count="7"/>
      <line num="193" type="stmt" count="7"/>
      <line num="194" type="stmt" count="7"/>
      <line num="196" type="stmt" count="1"/>
      <line num="197" type="stmt" count="1"/>
      <line num="202" type="stmt" count="2"/>
      <metrics loc="205" ncloc="184" classes="1" methods="10" coveredmethods="10" conditionals="0" coveredconditionals="0" statements="60" coveredstatements="60" elements="70" coveredelements="70"/>
    </file>
    <file name="/home/runner/work/headless/headless/Classes/ViewHelpers/Form/RegisterFieldViewHelper.php">
      <class name="FriendsOfTYPO3\Headless\ViewHelpers\Form\RegisterFieldViewHelper" namespace="global">
        <metrics complexity="10" methods="0" coveredmethods="0" conditionals="0" coveredconditionals="0" statements="0" coveredstatements="0" elements="0" coveredelements="0"/>
      </class>
      <metrics loc="77" ncloc="58" classes="0" methods="0" coveredmethods="0" conditionals="0" coveredconditionals="0" statements="0" coveredstatements="0" elements="0" coveredelements="0"/>
    </file>
    <file name="/home/runner/work/headless/headless/Classes/ViewHelpers/Format/Json/DecodeViewHelper.php">
      <class name="FriendsOfTYPO3\Headless\ViewHelpers\Format\Json\DecodeViewHelper" namespace="global">
        <metrics complexity="6" methods="0" coveredmethods="0" conditionals="0" coveredconditionals="0" statements="0" coveredstatements="0" elements="0" coveredelements="0"/>
      </class>
      <metrics loc="56" ncloc="39" classes="0" methods="0" coveredmethods="0" conditionals="0" coveredconditionals="0" statements="0" coveredstatements="0" elements="0" coveredelements="0"/>
    </file>
    <file name="/home/runner/work/headless/headless/Classes/ViewHelpers/Iterator/ExplodeViewHelper.php">
      <class name="FriendsOfTYPO3\Headless\ViewHelpers\Iterator\ExplodeViewHelper" namespace="global">
        <metrics complexity="10" methods="0" coveredmethods="0" conditionals="0" coveredconditionals="0" statements="0" coveredstatements="0" elements="0" coveredelements="0"/>
      </class>
      <metrics loc="80" ncloc="52" classes="0" methods="0" coveredmethods="0" conditionals="0" coveredconditionals="0" statements="0" coveredstatements="0" elements="0" coveredelements="0"/>
    </file>
    <file name="/home/runner/work/headless/headless/Classes/ViewHelpers/LoginFormViewHelper.php">
      <class name="FriendsOfTYPO3\Headless\ViewHelpers\LoginFormViewHelper" namespace="global">
        <metrics complexity="26" methods="0" coveredmethods="0" conditionals="0" coveredconditionals="0" statements="0" coveredstatements="0" elements="0" coveredelements="0"/>
      </class>
      <metrics loc="274" ncloc="189" classes="0" methods="0" coveredmethods="0" conditionals="0" coveredconditionals="0" statements="0" coveredstatements="0" elements="0" coveredelements="0"/>
    </file>
    <file name="/home/runner/work/headless/headless/Classes/XClass/Controller/FormFrontendController.php">
      <class name="FriendsOfTYPO3\Headless\XClass\Controller\FormFrontendController" namespace="global">
        <metrics complexity="34" methods="0" coveredmethods="0" conditionals="0" coveredconditionals="0" statements="0" coveredstatements="0" elements="0" coveredelements="0"/>
      </class>
      <metrics loc="283" ncloc="232" classes="0" methods="0" coveredmethods="0" conditionals="0" coveredconditionals="0" statements="0" coveredstatements="0" elements="0" coveredelements="0"/>
    </file>
    <file name="/home/runner/work/headless/headless/Classes/XClass/FormRuntime.php">
      <class name="FriendsOfTYPO3\Headless\XClass\FormRuntime" namespace="global">
        <metrics complexity="2" methods="0" coveredmethods="0" conditionals="0" coveredconditionals="0" statements="0" coveredstatements="0" elements="0" coveredelements="0"/>
      </class>
      <metrics loc="37" ncloc="22" classes="0" methods="0" coveredmethods="0" conditionals="0" coveredconditionals="0" statements="0" coveredstatements="0" elements="0" coveredelements="0"/>
    </file>
    <file name="/home/runner/work/headless/headless/Classes/XClass/ImageService.php">
      <class name="FriendsOfTYPO3\Headless\XClass\ImageService" namespace="global">
        <metrics complexity="4" methods="0" coveredmethods="0" conditionals="0" coveredconditionals="0" statements="0" coveredstatements="0" elements="0" coveredelements="0"/>
      </class>
      <metrics loc="45" ncloc="33" classes="0" methods="0" coveredmethods="0" conditionals="0" coveredconditionals="0" statements="0" coveredstatements="0" elements="0" coveredelements="0"/>
    </file>
    <file name="/home/runner/work/headless/headless/Classes/XClass/ResourceLocalDriver.php">
      <class name="FriendsOfTYPO3\Headless\XClass\ResourceLocalDriver" namespace="global">
        <metrics complexity="5" methods="0" coveredmethods="0" conditionals="0" coveredconditionals="0" statements="0" coveredstatements="0" elements="0" coveredelements="0"/>
      </class>
      <metrics loc="43" ncloc="34" classes="0" methods="0" coveredmethods="0" conditionals="0" coveredconditionals="0" statements="0" coveredstatements="0" elements="0" coveredelements="0"/>
    </file>
    <file name="/home/runner/work/headless/headless/Classes/XClass/Routing/PageRouter.php">
      <class name="FriendsOfTYPO3\Headless\XClass\Routing\PageRouter" namespace="global">
        <metrics complexity="6" methods="0" coveredmethods="0" conditionals="0" coveredconditionals="0" statements="0" coveredstatements="0" elements="0" coveredelements="0"/>
      </class>
      <metrics loc="68" ncloc="50" classes="0" methods="0" coveredmethods="0" conditionals="0" coveredconditionals="0" statements="0" coveredstatements="0" elements="0" coveredelements="0"/>
    </file>
    <file name="/home/runner/work/headless/headless/Classes/XClass/Typolink/LinkResult.php">
      <class name="FriendsOfTYPO3\Headless\XClass\Typolink\LinkResult" namespace="global">
        <metrics complexity="1" methods="0" coveredmethods="0" conditionals="0" coveredconditionals="0" statements="0" coveredstatements="0" elements="0" coveredelements="0"/>
      </class>
      <metrics loc="30" ncloc="21" classes="0" methods="0" coveredmethods="0" conditionals="0" coveredconditionals="0" statements="0" coveredstatements="0" elements="0" coveredelements="0"/>
    </file>
    <file name="/home/runner/work/headless/headless/Classes/XClass/Typolink/PageLinkBuilder.php">
      <class name="FriendsOfTYPO3\Headless\XClass\Typolink\PageLinkBuilder" namespace="global">
        <metrics complexity="22" methods="0" coveredmethods="0" conditionals="0" coveredconditionals="0" statements="0" coveredstatements="0" elements="0" coveredelements="0"/>
      </class>
      <metrics loc="115" ncloc="96" classes="0" methods="0" coveredmethods="0" conditionals="0" coveredconditionals="0" statements="0" coveredstatements="0" elements="0" coveredelements="0"/>
    </file>
    <metrics files="72" loc="7675" ncloc="5938" classes="24" methods="92" coveredmethods="72" conditionals="0" coveredconditionals="0" statements="892" coveredstatements="569" elements="984" coveredelements="641"/>
  </project>
</coverage>
